c:\users\jamal\documents\github\deus-ex-machina\deusexmachina\deusexmachina\debug\vc120.pdb
c:\users\jamal\documents\github\deus-ex-machina\deusexmachina\deusexmachina\debug\vc120.idb
c:\users\jamal\documents\github\deus-ex-machina\deusexmachina\deusexmachina\debug\main.obj
c:\users\jamal\documents\github\deus-ex-machina\deusexmachina\deusexmachina\debug\math.obj
c:\users\jamal\documents\github\deus-ex-machina\deusexmachina\deusexmachina\debug\matrix.obj
c:\users\jamal\documents\github\deus-ex-machina\deusexmachina\deusexmachina\debug\particleflow.obj
c:\users\jamal\documents\github\deus-ex-machina\deusexmachina\deusexmachina\debug\pipeline.obj
c:\users\jamal\documents\github\deus-ex-machina\deusexmachina\deusexmachina\debug\quaternion.obj
c:\users\jamal\documents\github\deus-ex-machina\deusexmachina\deusexmachina\debug\renderer.obj
c:\users\jamal\documents\github\deus-ex-machina\deusexmachina\deusexmachina\debug\resource.obj
c:\users\jamal\documents\github\deus-ex-machina\deusexmachina\deusexmachina\debug\scene.obj
c:\users\jamal\documents\github\deus-ex-machina\deusexmachina\deusexmachina\debug\shader.obj
c:\users\jamal\documents\github\deus-ex-machina\deusexmachina\deusexmachina\debug\sound.obj
c:\users\jamal\documents\github\deus-ex-machina\deusexmachina\deusexmachina\debug\spheregeometry.obj
c:\users\jamal\documents\github\deus-ex-machina\deusexmachina\deusexmachina\debug\system.obj
c:\users\jamal\documents\github\deus-ex-machina\deusexmachina\deusexmachina\debug\texture.obj
c:\users\jamal\documents\github\deus-ex-machina\deusexmachina\deusexmachina\debug\tiny_obj_loader.obj
c:\users\jamal\documents\github\deus-ex-machina\deusexmachina\deusexmachina\debug\transform.obj
c:\users\jamal\documents\github\deus-ex-machina\deusexmachina\deusexmachina\debug\types.obj
c:\users\jamal\documents\github\deus-ex-machina\deusexmachina\deusexmachina\debug\vector2.obj
c:\users\jamal\documents\github\deus-ex-machina\deusexmachina\deusexmachina\debug\vector3.obj
c:\users\jamal\documents\github\deus-ex-machina\deusexmachina\deusexmachina\debug\vector4.obj
c:\users\jamal\documents\github\deus-ex-machina\deusexmachina\deusexmachina\debug\geometry.obj
c:\users\jamal\documents\github\deus-ex-machina\deusexmachina\deusexmachina\debug\image.obj
c:\users\jamal\documents\github\deus-ex-machina\deusexmachina\deusexmachina\debug\lambertmaterial.obj
c:\users\jamal\documents\github\deus-ex-machina\deusexmachina\deusexmachina\debug\light.obj
c:\users\jamal\documents\github\deus-ex-machina\deusexmachina\deusexmachina\debug\material.obj
c:\users\jamal\documents\github\deus-ex-machina\deusexmachina\deusexmachina\debug\mesh.obj
c:\users\jamal\documents\github\deus-ex-machina\deusexmachina\deusexmachina\debug\model.obj
c:\users\jamal\documents\github\deus-ex-machina\deusexmachina\deusexmachina\debug\morphtargetgeometry.obj
c:\users\jamal\documents\github\deus-ex-machina\deusexmachina\deusexmachina\debug\music.obj
c:\users\jamal\documents\github\deus-ex-machina\deusexmachina\deusexmachina\debug\neuralnetwork.obj
c:\users\jamal\documents\github\deus-ex-machina\deusexmachina\deusexmachina\debug\phongmaterial.obj
c:\users\jamal\documents\github\deus-ex-machina\deusexmachina\deusexmachina\debug\pointlight.obj
c:\users\jamal\documents\github\deus-ex-machina\deusexmachina\deusexmachina\debug\profiler.obj
c:\users\jamal\documents\github\deus-ex-machina\deusexmachina\deusexmachina\debug\camera.obj
c:\users\jamal\documents\github\deus-ex-machina\deusexmachina\deusexmachina\debug\clock.obj
c:\users\jamal\documents\github\deus-ex-machina\deusexmachina\deusexmachina\debug\collections.obj
c:\users\jamal\documents\github\deus-ex-machina\deusexmachina\deusexmachina\debug\component.obj
c:\users\jamal\documents\github\deus-ex-machina\deusexmachina\deusexmachina\debug\crypto.obj
c:\users\jamal\documents\github\deus-ex-machina\deusexmachina\deusexmachina\debug\dem.obj
c:\users\jamal\documents\github\deus-ex-machina\deusexmachina\deusexmachina\debug\actor.obj
c:\users\jamal\documents\github\deus-ex-machina\deusexmachina\deusexmachina\debug\asset.obj
c:\users\jamal\documents\github\deus-ex-machina\deusexmachina\deusexmachina\debug\audio.obj
c:\users\jamal\documents\github\deus-ex-machina\deusexmachina\deusexmachina\debug\color.obj
c:\users\jamal\documents\github\deus-ex-machina\deusexmachina\deusexmachina\debug\directionallight.obj
c:\users\jamal\documents\github\deus-ex-machina\deusexmachina\deusexmachina\debug\file.obj
c:\users\jamal\documents\github\deus-ex-machina\deusexmachina\deusexmachina\debug\filecsv.obj
c:\users\jamal\documents\github\deus-ex-machina\deusexmachina\deusexmachina\debug\ai.obj
c:\users\jamal\documents\github\deus-ex-machina\deusexmachina\debug\deusexmachina.ilk
c:\users\jamal\documents\github\deus-ex-machina\deusexmachina\debug\deusexmachina.exe
c:\users\jamal\documents\github\deus-ex-machina\deusexmachina\debug\deusexmachina.pdb
c:\users\jamal\documents\github\deus-ex-machina\deusexmachina\deusexmachina\debug\deusexmachina.tlog\cl.command.1.tlog
c:\users\jamal\documents\github\deus-ex-machina\deusexmachina\deusexmachina\debug\deusexmachina.tlog\cl.read.1.tlog
c:\users\jamal\documents\github\deus-ex-machina\deusexmachina\deusexmachina\debug\deusexmachina.tlog\cl.write.1.tlog
c:\users\jamal\documents\github\deus-ex-machina\deusexmachina\deusexmachina\debug\deusexmachina.tlog\link.command.1.tlog
c:\users\jamal\documents\github\deus-ex-machina\deusexmachina\deusexmachina\debug\deusexmachina.tlog\link.read.1.tlog
c:\users\jamal\documents\github\deus-ex-machina\deusexmachina\deusexmachina\debug\deusexmachina.tlog\link.write.1.tlog
